{"total": {"lines":{"total":392,"covered":76,"skipped":0,"pct":19.38},"statements":{"total":401,"covered":78,"skipped":0,"pct":19.45},"functions":{"total":57,"covered":11,"skipped":0,"pct":19.29},"branches":{"total":243,"covered":49,"skipped":0,"pct":20.16},"branchesTrue":{"total":0,"covered":0,"skipped":0,"pct":100}}
,"C:\\Users\\smulw\\Downloads\\github\\CarpoolApp\\git\\CarpoolApp\\lib\\auth.ts": {"lines":{"total":30,"covered":0,"skipped":0,"pct":0},"functions":{"total":3,"covered":0,"skipped":0,"pct":0},"statements":{"total":30,"covered":0,"skipped":0,"pct":0},"branches":{"total":27,"covered":0,"skipped":0,"pct":0}}
,"C:\\Users\\smulw\\Downloads\\github\\CarpoolApp\\git\\CarpoolApp\\lib\\fetch.ts": {"lines":{"total":35,"covered":0,"skipped":0,"pct":0},"functions":{"total":7,"covered":0,"skipped":0,"pct":0},"statements":{"total":38,"covered":0,"skipped":0,"pct":0},"branches":{"total":18,"covered":0,"skipped":0,"pct":0}}
,"C:\\Users\\smulw\\Downloads\\github\\CarpoolApp\\git\\CarpoolApp\\lib\\map.ts": {"lines":{"total":64,"covered":0,"skipped":0,"pct":0},"functions":{"total":8,"covered":0,"skipped":0,"pct":0},"statements":{"total":65,"covered":0,"skipped":0,"pct":0},"branches":{"total":31,"covered":0,"skipped":0,"pct":0}}
,"C:\\Users\\smulw\\Downloads\\github\\CarpoolApp\\git\\CarpoolApp\\lib\\sa-id.ts": {"lines":{"total":61,"covered":54,"skipped":0,"pct":88.52},"functions":{"total":7,"covered":7,"skipped":0,"pct":100},"statements":{"total":63,"covered":56,"skipped":0,"pct":88.88},"branches":{"total":54,"covered":39,"skipped":0,"pct":72.22}}
,"C:\\Users\\smulw\\Downloads\\github\\CarpoolApp\\git\\CarpoolApp\\lib\\supabase-server.ts": {"lines":{"total":16,"covered":0,"skipped":0,"pct":0},"functions":{"total":2,"covered":0,"skipped":0,"pct":0},"statements":{"total":17,"covered":0,"skipped":0,"pct":0},"branches":{"total":12,"covered":0,"skipped":0,"pct":0}}
,"C:\\Users\\smulw\\Downloads\\github\\CarpoolApp\\git\\CarpoolApp\\lib\\supabase.ts": {"lines":{"total":11,"covered":0,"skipped":0,"pct":0},"functions":{"total":2,"covered":0,"skipped":0,"pct":0},"statements":{"total":11,"covered":0,"skipped":0,"pct":0},"branches":{"total":6,"covered":0,"skipped":0,"pct":0}}
,"C:\\Users\\smulw\\Downloads\\github\\CarpoolApp\\git\\CarpoolApp\\lib\\utils.ts": {"lines":{"total":26,"covered":22,"skipped":0,"pct":84.61},"functions":{"total":4,"covered":4,"skipped":0,"pct":100},"statements":{"total":26,"covered":22,"skipped":0,"pct":84.61},"branches":{"total":18,"covered":10,"skipped":0,"pct":55.55}}
,"C:\\Users\\smulw\\Downloads\\github\\CarpoolApp\\git\\CarpoolApp\\lib\\verification.ts": {"lines":{"total":42,"covered":0,"skipped":0,"pct":0},"functions":{"total":8,"covered":0,"skipped":0,"pct":0},"statements":{"total":44,"covered":0,"skipped":0,"pct":0},"branches":{"total":28,"covered":0,"skipped":0,"pct":0}}
,"C:\\Users\\smulw\\Downloads\\github\\CarpoolApp\\git\\CarpoolApp\\lib\\lib\\auth.ts": {"lines":{"total":30,"covered":0,"skipped":0,"pct":0},"functions":{"total":3,"covered":0,"skipped":0,"pct":0},"statements":{"total":30,"covered":0,"skipped":0,"pct":0},"branches":{"total":27,"covered":0,"skipped":0,"pct":0}}
,"C:\\Users\\smulw\\Downloads\\github\\CarpoolApp\\git\\CarpoolApp\\lib\\lib\\fetch.ts": {"lines":{"total":23,"covered":0,"skipped":0,"pct":0},"functions":{"total":4,"covered":0,"skipped":0,"pct":0},"statements":{"total":23,"covered":0,"skipped":0,"pct":0},"branches":{"total":2,"covered":0,"skipped":0,"pct":0}}
,"C:\\Users\\smulw\\Downloads\\github\\CarpoolApp\\git\\CarpoolApp\\lib\\lib\\map.ts": {"lines":{"total":36,"covered":0,"skipped":0,"pct":0},"functions":{"total":5,"covered":0,"skipped":0,"pct":0},"statements":{"total":36,"covered":0,"skipped":0,"pct":0},"branches":{"total":14,"covered":0,"skipped":0,"pct":0}}
,"C:\\Users\\smulw\\Downloads\\github\\CarpoolApp\\git\\CarpoolApp\\lib\\lib\\utils.ts": {"lines":{"total":18,"covered":0,"skipped":0,"pct":0},"functions":{"total":4,"covered":0,"skipped":0,"pct":0},"statements":{"total":18,"covered":0,"skipped":0,"pct":0},"branches":{"total":6,"covered":0,"skipped":0,"pct":0}}
}
