TN:
SF:lib\auth.ts
FN:7,getToken
FN:22,saveToken
FN:31,(anonymous_2)
FNF:3
FNH:0
FNDA:0,getToken
FNDA:0,saveToken
FNDA:0,(anonymous_2)
DA:6,0
DA:8,0
DA:9,0
DA:10,0
DA:11,0
DA:13,0
DA:15,0
DA:17,0
DA:18,0
DA:19,0
DA:23,0
DA:24,0
DA:26,0
DA:31,0
DA:32,0
DA:33,0
DA:40,0
DA:41,0
DA:45,0
DA:46,0
DA:53,0
DA:59,0
DA:60,0
DA:67,0
DA:68,0
DA:71,0
DA:72,0
DA:82,0
DA:88,0
DA:89,0
LF:30
LH:0
BRDA:10,0,0,0
BRDA:10,0,1,0
BRDA:32,1,0,0
BRDA:32,1,1,0
BRDA:32,2,0,0
BRDA:32,2,1,0
BRDA:45,3,0,0
BRDA:45,3,1,0
BRDA:45,4,0,0
BRDA:45,4,1,0
BRDA:59,5,0,0
BRDA:59,5,1,0
BRDA:67,6,0,0
BRDA:67,6,1,0
BRDA:71,7,0,0
BRDA:71,7,1,0
BRDA:75,8,0,0
BRDA:75,8,1,0
BRDA:75,9,0,0
BRDA:75,9,1,0
BRDA:76,10,0,0
BRDA:76,10,1,0
BRDA:91,11,0,0
BRDA:91,11,1,0
BRDA:93,12,0,0
BRDA:93,12,1,0
BRDA:93,12,2,0
BRF:27
BRH:0
end_of_record
TN:
SF:lib\fetch.ts
FN:3,(anonymous_0)
FN:19,(anonymous_1)
FN:28,(anonymous_2)
FN:38,(anonymous_3)
FN:40,(anonymous_4)
FN:45,(anonymous_5)
FN:65,(anonymous_6)
FNF:7
FNH:0
FNDA:0,(anonymous_0)
FNDA:0,(anonymous_1)
FNDA:0,(anonymous_2)
FNDA:0,(anonymous_3)
FNDA:0,(anonymous_4)
FNDA:0,(anonymous_5)
FNDA:0,(anonymous_6)
DA:3,0
DA:4,0
DA:5,0
DA:7,0
DA:8,0
DA:9,0
DA:12,0
DA:14,0
DA:15,0
DA:19,0
DA:20,0
DA:21,0
DA:22,0
DA:28,0
DA:29,0
DA:35,0
DA:36,0
DA:38,0
DA:39,0
DA:40,0
DA:41,0
DA:45,0
DA:46,0
DA:48,0
DA:49,0
DA:51,0
DA:52,0
DA:54,0
DA:55,0
DA:57,0
DA:58,0
DA:60,0
DA:65,0
DA:66,0
DA:69,0
LF:35
LH:0
BRDA:7,0,0,0
BRDA:7,0,1,0
BRDA:29,1,0,0
BRDA:29,1,1,0
BRDA:54,2,0,0
BRDA:54,2,1,0
BRDA:54,3,0,0
BRDA:54,3,1,0
BRDA:55,4,0,0
BRDA:55,4,1,0
BRDA:57,5,0,0
BRDA:57,5,1,0
BRDA:57,6,0,0
BRDA:57,6,1,0
BRDA:60,7,0,0
BRDA:60,7,1,0
BRDA:60,8,0,0
BRDA:60,8,1,0
BRF:18
BRH:0
end_of_record
TN:
SF:lib\map.ts
FN:3,(anonymous_0)
FN:12,(anonymous_1)
FN:34,(anonymous_2)
FN:78,(anonymous_3)
FN:103,(anonymous_4)
FN:109,(anonymous_5)
FN:128,(anonymous_6)
FN:173,fetchRoutePolyline
FNF:8
FNH:0
FNDA:0,(anonymous_0)
FNDA:0,(anonymous_1)
FNDA:0,(anonymous_2)
FNDA:0,(anonymous_3)
FNDA:0,(anonymous_4)
FNDA:0,(anonymous_5)
FNDA:0,(anonymous_6)
FNDA:0,fetchRoutePolyline
DA:3,0
DA:12,0
DA:13,0
DA:23,0
DA:25,0
DA:34,0
DA:46,0
DA:47,0
DA:56,0
DA:57,0
DA:65,0
DA:66,0
DA:67,0
DA:68,0
DA:70,0
DA:78,0
DA:92,0
DA:99,0
DA:103,0
DA:109,0
DA:110,0
DA:111,0
DA:112,0
DA:114,0
DA:119,0
DA:120,0
DA:124,0
DA:125,0
DA:126,0
DA:128,0
DA:129,0
DA:136,0
DA:143,0
DA:146,0
DA:149,0
DA:152,0
DA:154,0
DA:187,0
DA:189,0
DA:190,0
DA:191,0
DA:193,0
DA:194,0
DA:195,0
DA:198,0
DA:199,0
DA:200,0
DA:201,0
DA:204,0
DA:207,0
DA:211,0
DA:212,0
DA:214,0
DA:215,0
DA:216,0
DA:217,0
DA:222,0
DA:224,0
DA:232,0
DA:233,0
DA:234,0
DA:237,0
DA:239,0
DA:240,0
LF:64
LH:0
BRDA:46,0,0,0
BRDA:46,0,1,0
BRDA:46,1,0,0
BRDA:46,1,1,0
BRDA:56,2,0,0
BRDA:56,2,1,0
BRDA:56,3,0,0
BRDA:56,3,1,0
BRDA:92,4,0,0
BRDA:92,4,1,0
BRDA:93,5,0,0
BRDA:93,5,1,0
BRDA:93,5,2,0
BRDA:93,5,3,0
BRDA:93,5,4,0
BRDA:193,6,0,0
BRDA:193,6,1,0
BRDA:199,7,0,0
BRDA:199,7,1,0
BRDA:207,8,0,0
BRDA:207,8,1,0
BRDA:214,9,0,0
BRDA:214,9,1,0
BRDA:216,10,0,0
BRDA:216,10,1,0
BRDA:222,11,0,0
BRDA:222,11,1,0
BRDA:222,12,0,0
BRDA:222,12,1,0
BRDA:232,13,0,0
BRDA:232,13,1,0
BRF:31
BRH:0
end_of_record
TN:
SF:lib\sa-id.ts
FN:31,normaliseIdNumber
FN:40,passesLuhn
FN:64,resolveYear
FN:69,yearsSince
FN:81,validateSaIdNumber
FN:168,formatIdNumber
FN:181,crossCheckProfile
FNF:7
FNH:7
FNDA:8,normaliseIdNumber
FNDA:3,passesLuhn
FNDA:4,resolveYear
FNDA:2,yearsSince
FNDA:6,validateSaIdNumber
FNDA:1,formatIdNumber
FNDA:1,crossCheckProfile
DA:32,8
DA:41,3
DA:42,3
DA:44,3
DA:45,39
DA:47,39
DA:48,18
DA:49,18
DA:52,39
DA:53,39
DA:56,3
DA:65,4
DA:66,4
DA:70,2
DA:71,2
DA:72,2
DA:74,2
DA:75,0
DA:78,2
DA:82,6
DA:84,6
DA:85,0
DA:88,6
DA:89,1
DA:92,5
DA:93,1
DA:103,4
DA:104,4
DA:105,4
DA:107,4
DA:108,0
DA:111,4
DA:112,4
DA:116,4
DA:118,6
DA:119,1
DA:122,3
DA:123,0
DA:127,3
DA:128,1
DA:135,2
DA:137,2
DA:138,0
DA:141,2
DA:142,0
DA:146,2
DA:147,2
DA:149,6
DA:150,6
DA:151,0
DA:155,2
DA:157,6
DA:169,1
DA:170,1
DA:173,1
DA:185,1
DA:187,1
DA:192,1
DA:197,1
DA:198,1
DA:203,1
LF:61
LH:54
BRDA:47,0,0,18
BRDA:47,0,1,21
BRDA:49,1,0,4
BRDA:49,1,1,14
BRDA:66,2,0,4
BRDA:66,2,1,0
BRDA:74,3,0,0
BRDA:74,3,1,2
BRDA:74,4,0,2
BRDA:74,4,1,2
BRDA:74,4,2,0
BRDA:84,5,0,0
BRDA:84,5,1,6
BRDA:88,6,0,1
BRDA:88,6,1,5
BRDA:92,7,0,1
BRDA:92,7,1,4
BRDA:96,8,0,1
BRDA:96,8,1,0
BRDA:107,9,0,0
BRDA:107,9,1,4
BRDA:107,10,0,4
BRDA:107,10,1,4
BRDA:116,11,0,4
BRDA:116,11,1,3
BRDA:118,12,0,1
BRDA:118,12,1,5
BRDA:118,13,0,6
BRDA:118,13,1,4
BRDA:122,14,0,0
BRDA:122,14,1,3
BRDA:127,15,0,1
BRDA:127,15,1,2
BRDA:137,16,0,0
BRDA:137,16,1,2
BRDA:141,17,0,0
BRDA:141,17,1,2
BRDA:147,18,0,2
BRDA:147,18,1,0
BRDA:150,19,0,0
BRDA:150,19,1,6
BRDA:150,20,0,6
BRDA:150,20,1,0
BRDA:155,21,0,2
BRDA:155,21,1,0
BRDA:187,22,0,1
BRDA:187,22,1,0
BRDA:188,23,0,1
BRDA:188,23,1,1
BRDA:188,23,2,1
BRDA:197,24,0,1
BRDA:197,24,1,0
BRDA:197,25,0,1
BRDA:197,25,1,1
BRF:54
BRH:39
end_of_record
TN:
SF:lib\supabase-server.ts
FN:4,(anonymous_0)
FN:45,getSupabaseServerClient
FNF:2
FNH:0
FNDA:0,(anonymous_0)
FNDA:0,getSupabaseServerClient
DA:4,0
DA:5,0
DA:6,0
DA:7,0
DA:9,0
DA:12,0
DA:31,0
DA:36,0
DA:43,0
DA:46,0
DA:48,0
DA:49,0
DA:56,0
DA:57,0
DA:58,0
DA:65,0
LF:16
LH:0
BRDA:7,0,0,0
BRDA:7,0,1,0
BRDA:46,1,0,0
BRDA:46,1,1,0
BRDA:48,2,0,0
BRDA:48,2,1,0
BRDA:48,3,0,0
BRDA:48,3,1,0
BRDA:56,4,0,0
BRDA:56,4,1,0
BRDA:56,5,0,0
BRDA:56,5,1,0
BRF:12
BRH:0
end_of_record
TN:
SF:lib\supabase.ts
FN:3,(anonymous_0)
FN:26,getSupabaseClient
FNF:2
FNH:0
FNDA:0,(anonymous_0)
FNDA:0,getSupabaseClient
DA:3,0
DA:4,0
DA:5,0
DA:6,0
DA:7,0
DA:11,0
DA:14,0
DA:19,0
DA:27,0
DA:28,0
DA:31,0
LF:11
LH:0
BRDA:6,0,0,0
BRDA:6,0,1,0
BRDA:27,1,0,0
BRDA:27,1,1,0
BRDA:27,2,0,0
BRDA:27,2,1,0
BRF:6
BRH:0
end_of_record
TN:
SF:lib\utils.ts
FN:3,(anonymous_0)
FN:4,(anonymous_1)
FN:11,formatTime
FN:38,formatDate
FNF:4
FNH:4
FNDA:1,(anonymous_0)
FNDA:4,(anonymous_1)
FNDA:3,formatTime
FNDA:1,formatDate
DA:3,1
DA:4,1
DA:5,4
DA:6,4
DA:7,4
DA:12,3
DA:13,2
DA:15,2
DA:16,1
DA:19,1
DA:20,1
DA:21,1
DA:24,1
DA:25,1
DA:26,1
DA:27,1
DA:30,0
DA:31,0
DA:32,0
DA:35,0
DA:39,1
DA:40,1
DA:41,1
DA:55,1
DA:56,1
DA:58,1
LF:26
LH:22
BRDA:5,0,0,4
BRDA:5,0,1,0
BRDA:5,0,2,0
BRDA:6,1,0,4
BRDA:6,1,1,0
BRDA:6,1,2,0
BRDA:12,2,0,2
BRDA:12,2,1,1
BRDA:13,3,0,2
BRDA:13,3,1,0
BRDA:15,4,0,1
BRDA:15,4,1,1
BRDA:24,5,0,1
BRDA:24,5,1,0
BRDA:26,6,0,1
BRDA:26,6,1,0
BRDA:58,7,0,1
BRDA:58,7,1,0
BRF:18
BRH:10
end_of_record
TN:
SF:lib\verification.ts
FN:52,toPickedImage
FN:68,pickFromLibrary
FN:87,captureImage
FN:113,uploadDocument
FN:142,getSignedUrl
FN:179,submitForReview
FN:199,uploadAvatar
FN:227,verificationProgress
FNF:8
FNH:0
FNDA:0,toPickedImage
FNDA:0,pickFromLibrary
FNDA:0,captureImage
FNDA:0,uploadDocument
FNDA:0,getSignedUrl
FNDA:0,submitForReview
FNDA:0,uploadAvatar
FNDA:0,verificationProgress
DA:18,0
DA:35,0
DA:55,0
DA:57,0
DA:58,0
DA:60,0
DA:69,0
DA:70,0
DA:71,0
DA:76,0
DA:83,0
DA:88,0
DA:89,0
DA:90,0
DA:95,0
DA:104,0
DA:118,0
DA:120,0
DA:121,0
DA:123,0
DA:130,0
DA:131,0
DA:132,0
DA:135,0
DA:146,0
DA:148,0
DA:152,0
DA:153,0
DA:154,0
DA:157,0
DA:183,0
DA:203,0
DA:205,0
DA:206,0
DA:208,0
DA:215,0
DA:216,0
DA:217,0
DA:220,0
DA:221,0
DA:233,0
DA:234,0
LF:42
LH:0
BRDA:55,0,0,0
BRDA:55,0,1,0
BRDA:55,1,0,0
BRDA:55,1,1,0
BRDA:58,2,0,0
BRDA:58,2,1,0
BRDA:63,3,0,0
BRDA:63,3,1,0
BRDA:70,4,0,0
BRDA:70,4,1,0
BRDA:87,5,0,0
BRDA:89,6,0,0
BRDA:89,6,1,0
BRDA:96,7,0,0
BRDA:96,7,1,0
BRDA:120,8,0,0
BRDA:120,8,1,0
BRDA:130,9,0,0
BRDA:130,9,1,0
BRDA:144,10,0,0
BRDA:152,11,0,0
BRDA:152,11,1,0
BRDA:157,12,0,0
BRDA:157,12,1,0
BRDA:205,13,0,0
BRDA:205,13,1,0
BRDA:215,14,0,0
BRDA:215,14,1,0
BRF:28
BRH:0
end_of_record
TN:
SF:lib\lib\auth.ts
FN:7,getToken
FN:22,saveToken
FN:31,(anonymous_2)
FNF:3
FNH:0
FNDA:0,getToken
FNDA:0,saveToken
FNDA:0,(anonymous_2)
DA:6,0
DA:8,0
DA:9,0
DA:10,0
DA:11,0
DA:13,0
DA:15,0
DA:17,0
DA:18,0
DA:19,0
DA:23,0
DA:24,0
DA:26,0
DA:31,0
DA:32,0
DA:33,0
DA:40,0
DA:41,0
DA:45,0
DA:46,0
DA:53,0
DA:59,0
DA:60,0
DA:67,0
DA:68,0
DA:71,0
DA:72,0
DA:82,0
DA:88,0
DA:89,0
LF:30
LH:0
BRDA:10,0,0,0
BRDA:10,0,1,0
BRDA:32,1,0,0
BRDA:32,1,1,0
BRDA:32,2,0,0
BRDA:32,2,1,0
BRDA:45,3,0,0
BRDA:45,3,1,0
BRDA:45,4,0,0
BRDA:45,4,1,0
BRDA:59,5,0,0
BRDA:59,5,1,0
BRDA:67,6,0,0
BRDA:67,6,1,0
BRDA:71,7,0,0
BRDA:71,7,1,0
BRDA:75,8,0,0
BRDA:75,8,1,0
BRDA:75,9,0,0
BRDA:75,9,1,0
BRDA:76,10,0,0
BRDA:76,10,1,0
BRDA:91,11,0,0
BRDA:91,11,1,0
BRDA:93,12,0,0
BRDA:93,12,1,0
BRDA:93,12,2,0
BRF:27
BRH:0
end_of_record
TN:
SF:lib\lib\fetch.ts
FN:3,(anonymous_0)
FN:16,(anonymous_1)
FN:21,(anonymous_2)
FN:35,(anonymous_3)
FNF:4
FNH:0
FNDA:0,(anonymous_0)
FNDA:0,(anonymous_1)
FNDA:0,(anonymous_2)
FNDA:0,(anonymous_3)
DA:3,0
DA:4,0
DA:5,0
DA:6,0
DA:7,0
DA:9,0
DA:11,0
DA:12,0
DA:16,0
DA:17,0
DA:18,0
DA:19,0
DA:21,0
DA:22,0
DA:23,0
DA:25,0
DA:26,0
DA:27,0
DA:29,0
DA:31,0
DA:35,0
DA:36,0
DA:39,0
LF:23
LH:0
BRDA:6,0,0,0
BRDA:6,0,1,0
BRF:2
BRH:0
end_of_record
TN:
SF:lib\lib\map.ts
FN:5,(anonymous_0)
FN:14,(anonymous_1)
FN:27,(anonymous_2)
FN:75,(anonymous_3)
FN:97,(anonymous_4)
FNF:5
FNH:0
FNDA:0,(anonymous_0)
FNDA:0,(anonymous_1)
FNDA:0,(anonymous_2)
FNDA:0,(anonymous_3)
FNDA:0,(anonymous_4)
DA:3,0
DA:5,0
DA:14,0
DA:15,0
DA:16,0
DA:18,0
DA:27,0
DA:38,0
DA:39,0
DA:47,0
DA:48,0
DA:56,0
DA:57,0
DA:58,0
DA:59,0
DA:61,0
DA:62,0
DA:64,0
DA:65,0
DA:67,0
DA:75,0
DA:88,0
DA:94,0
DA:96,0
DA:97,0
DA:98,0
DA:101,0
DA:102,0
DA:104,0
DA:107,0
DA:109,0
DA:111,0
DA:112,0
DA:114,0
DA:117,0
DA:119,0
LF:36
LH:0
BRDA:38,0,0,0
BRDA:38,0,1,0
BRDA:38,1,0,0
BRDA:38,1,1,0
BRDA:47,2,0,0
BRDA:47,2,1,0
BRDA:47,3,0,0
BRDA:47,3,1,0
BRDA:88,4,0,0
BRDA:88,4,1,0
BRDA:89,5,0,0
BRDA:89,5,1,0
BRDA:89,5,2,0
BRDA:89,5,3,0
BRF:14
BRH:0
end_of_record
TN:
SF:lib\lib\utils.ts
FN:3,(anonymous_0)
FN:4,(anonymous_1)
FN:13,formatTime
FN:25,formatDate
FNF:4
FNH:0
FNDA:0,(anonymous_0)
FNDA:0,(anonymous_1)
FNDA:0,formatTime
FNDA:0,formatDate
DA:3,0
DA:4,0
DA:5,0
DA:6,0
DA:7,0
DA:10,0
DA:14,0
DA:16,0
DA:17,0
DA:19,0
DA:20,0
DA:21,0
DA:26,0
DA:27,0
DA:28,0
DA:42,0
DA:43,0
DA:45,0
LF:18
LH:0
BRDA:14,0,0,0
BRDA:14,0,1,0
BRDA:16,1,0,0
BRDA:16,1,1,0
BRDA:45,2,0,0
BRDA:45,2,1,0
BRF:6
BRH:0
end_of_record
